<?xml version="1.0" encoding="UTF-8"?>
<testng-results skipped="0" failed="0" total="2" passed="2">
  <reporter-output>
  </reporter-output>
  <suite name="WelcomePageTestSuite" duration-ms="4141" started-at="2013-04-24T06:46:00Z" finished-at="2013-04-24T06:46:04Z">
    <groups>
    </groups>
    <test name="VerifyWelcomePageOnAndroidWebdriver" duration-ms="4141" started-at="2013-04-24T06:46:00Z" finished-at="2013-04-24T06:46:04Z">
      <class name="com.photon.phresco.testcases.WelcomePageTestCase">
        <test-method status="PASS" signature="setUp(java.lang.String, java.lang.String)[pri:0, instance:com.photon.phresco.testcases.WelcomePageTestCase@fbfa2]" name="setUp" is-config="true" duration-ms="2734" started-at="2013-04-24T12:16:00Z" finished-at="2013-04-24T12:16:03Z">
          <params>
            <param index="0">
              <value>
                <![CDATA[android]]>
              </value>
            </param>
            <param index="1">
              <value>
                <![CDATA[ANDROID]]>
              </value>
            </param>
          </params>
          <reporter-output>
          </reporter-output>
        </test-method> <!-- setUp -->
        <test-method status="PASS" signature="testToVerifyTheAudioDevicesAddToCart()[pri:0, instance:com.photon.phresco.testcases.WelcomePageTestCase@fbfa2]" name="testToVerifyTheAudioDevicesAddToCart" duration-ms="297" started-at="2013-04-24T12:16:03Z" finished-at="2013-04-24T12:16:03Z">
          <reporter-output>
          </reporter-output>
        </test-method> <!-- testToVerifyTheAudioDevicesAddToCart -->
        <test-method status="PASS" signature="tearDown()[pri:0, instance:com.photon.phresco.testcases.WelcomePageTestCase@fbfa2]" name="tearDown" is-config="true" duration-ms="1063" started-at="2013-04-24T12:16:03Z" finished-at="2013-04-24T12:16:04Z">
          <reporter-output>
          </reporter-output>
        </test-method> <!-- tearDown -->
        <test-method status="PASS" signature="testWelcomePageScreen()[pri:0, instance:com.photon.phresco.testcases.WelcomePageTestCase@fbfa2]" name="testWelcomePageScreen" duration-ms="0" started-at="2013-04-24T12:16:03Z" finished-at="2013-04-24T12:16:03Z">
          <reporter-output>
          </reporter-output>
        </test-method> <!-- testWelcomePageScreen -->
      </class> <!-- com.photon.phresco.testcases.WelcomePageTestCase -->
    </test> <!-- VerifyWelcomePageOnAndroidWebdriver -->
  </suite> <!-- WelcomePageTestSuite -->
</testng-results>
