<?xml version="1.0" encoding="UTF-8"?>
<!-- Generated by org.testng.reporters.JUnitXMLReporter -->
<testsuite hostname="ANBARASAN_J" name="VerifyWelcomePageOniPhoneWebdriver" tests="2" failures="0" timestamp="23 Apr 2013 05:56:43 GMT" time="1.515" errors="0">
  <testcase name="@BeforeTest setUp" time="0.0" classname="com.photon.phresco.testcases.WelcomePageTestCase">
    <failure type="java.lang.Error" message="Unresolved compilation problem: 
	The method setPlatform(Platform) in the type DesiredCapabilities is not applicable for the arguments ()
">
      <![CDATA[java.lang.Error: Unresolved compilation problem: 
	The method setPlatform(Platform) in the type DesiredCapabilities is not applicable for the arguments ()

	at com.photon.phresco.Screens.BaseScreen.instantiateBrowser(BaseScreen.java:179)
	at com.photon.phresco.Screens.BaseScreen.<init>(BaseScreen.java:75)
	at com.photon.phresco.Screens.PhotonAbstractScreen.<init>(PhotonAbstractScreen.java:21)
	at com.photon.phresco.Screens.WelcomeScreen.<init>(WelcomeScreen.java:15)
	at com.photon.phresco.testcases.WelcomePageTestCase.setUp(WelcomePageTestCase.java:54)
	at sun.reflect.NativeMethodAccessorImpl.invoke0(Native Method)
	at sun.reflect.NativeMethodAccessorImpl.invoke(Unknown Source)
	at sun.reflect.DelegatingMethodAccessorImpl.invoke(Unknown Source)
	at java.lang.reflect.Method.invoke(Unknown Source)
	at org.testng.internal.MethodInvocationHelper.invokeMethod(MethodInvocationHelper.java:80)
	at org.testng.internal.Invoker.invokeConfigurationMethod(Invoker.java:564)
	at org.testng.internal.Invoker.invokeConfigurations(Invoker.java:213)
	at org.testng.internal.Invoker.invokeConfigurations(Invoker.java:138)
	at org.testng.TestRunner.beforeRun(TestRunner.java:641)
	at org.testng.TestRunner.run(TestRunner.java:609)
	at org.testng.SuiteRunner.runTest(SuiteRunner.java:334)
	at org.testng.SuiteRunner.access$000(SuiteRunner.java:37)
	at org.testng.SuiteRunner$SuiteWorker.run(SuiteRunner.java:368)
	at org.testng.internal.thread.ThreadUtil$2.call(ThreadUtil.java:64)
	at java.util.concurrent.FutureTask$Sync.innerRun(Unknown Source)
	at java.util.concurrent.FutureTask.run(Unknown Source)
	at java.util.concurrent.ThreadPoolExecutor.runWorker(Unknown Source)
	at java.util.concurrent.ThreadPoolExecutor$Worker.run(Unknown Source)
	at java.lang.Thread.run(Unknown Source)
]]>
    </failure>
  </testcase> <!-- @BeforeTest setUp -->
  <testcase name="@AfterTest tearDown" time="0.0" classname="com.photon.phresco.testcases.WelcomePageTestCase">
    <skipped/>
  </testcase> <!-- @AfterTest tearDown -->
  <testcase name="testToVerifyTheAudioDevicesAddToCart" time="0.0" classname="com.photon.phresco.testcases.WelcomePageTestCase">
    <skipped/>
  </testcase> <!-- testToVerifyTheAudioDevicesAddToCart -->
  <testcase name="testWelcomePageScreen" time="0.0" classname="com.photon.phresco.testcases.WelcomePageTestCase">
    <skipped/>
  </testcase> <!-- testWelcomePageScreen -->
</testsuite> <!-- VerifyWelcomePageOniPhoneWebdriver -->
