<?xml version="1.0" encoding="UTF-8"?>
<!-- Generated by org.testng.reporters.JUnitXMLReporter -->
<testsuite hostname="ANBARASAN_J" name="VerifyWelcomePageOnFirefox" tests="2" failures="0" timestamp="24 Apr 2013 06:42:51 GMT" time="17.86" errors="0">
  <testcase name="testToVerifyTheAudioDevicesAddToCart" time="0.859" classname="com.photon.phresco.testcases.WelcomePageTestCase"/>
  <testcase name="testWelcomePageScreen" time="0.016" classname="com.photon.phresco.testcases.WelcomePageTestCase"/>
</testsuite> <!-- VerifyWelcomePageOnFirefox -->
